[14:10:38] [ServerMain/INFO]: Environment: Environment[sessionHost=https://sessionserver.mojang.com, servicesHost=https://api.minecraftservices.com, name=PROD]
[14:10:39] [ServerMain/INFO]: No existing world data, creating new world
[14:10:40] [ServerMain/INFO]: Loaded 1407 recipes
[14:10:40] [ServerMain/INFO]: Loaded 1520 advancements
[14:10:40] [Server thread/INFO]: Starting minecraft server version 1.21.8
[14:10:40] [Server thread/INFO]: Loading properties
[14:10:40] [Server thread/INFO]: Default game type: SURVIVAL
[14:10:40] [Server thread/INFO]: Generating keypair
[14:10:40] [Server thread/INFO]: Starting Minecraft server on *:25565
[14:10:40] [Server thread/INFO]: Using epoll channel type
[14:10:40] [Server thread/WARN]: **** SERVER IS RUNNING IN OFFLINE/INSECURE MODE!
[14:10:40] [Server thread/WARN]: The server will make no attempt to authenticate usernames. Beware.
[14:10:40] [Server thread/WARN]: While this makes the game possible to play without internet access, it also opens up the ability for hackers to connect with any username they choose.
[14:10:40] [Server thread/WARN]: To change this, set "online-mode" to "true" in the server.properties file.
[14:10:41] [Server thread/INFO]: Preparing level "world"
[14:10:47] [Server thread/INFO]: Preparing start region for dimension minecraft:overworld
[14:10:47] [Worker-Main-2/INFO]: Preparing spawn area: 2%
[14:10:48] [Worker-Main-1/INFO]: Preparing spawn area: 2%
[14:10:48] [Worker-Main-2/INFO]: Preparing spawn area: 2%
[14:10:49] [Worker-Main-2/INFO]: Preparing spawn area: 2%
[14:10:49] [Worker-Main-1/INFO]: Preparing spawn area: 18%
[14:10:50] [Worker-Main-3/INFO]: Preparing spawn area: 18%
[14:10:50] [Worker-Main-3/INFO]: Preparing spawn area: 18%
[14:10:50] [Worker-Main-1/INFO]: Preparing spawn area: 18%
[14:10:51] [Worker-Main-1/INFO]: Preparing spawn area: 51%
[14:10:53] [Worker-Main-1/INFO]: Preparing spawn area: 51%
[14:10:53] [Worker-Main-1/INFO]: Preparing spawn area: 51%
[14:10:53] [Worker-Main-1/INFO]: Preparing spawn area: 51%
[14:10:53] [Worker-Main-3/INFO]: Preparing spawn area: 51%
[14:10:53] [Worker-Main-2/INFO]: Preparing spawn area: 53%
[14:10:54] [Server thread/INFO]: Time elapsed: 6572 ms
[14:10:54] [Server thread/INFO]: Done (13.054s)! For help, type "help"
[14:11:54] [Server thread/INFO]: Server empty for 60 seconds, pausing
[14:14:35] [Server thread/INFO]: Luis[/127.208.65.42:53435] logged in with entity id 5 at (-7.5, 70.0, 10.5)
[14:14:35] [Server thread/INFO]: Luis joined the game
[14:20:34] [Server thread/INFO]: Luis lost connection: Disconnected
[14:20:34] [Server thread/INFO]: Luis left the game
[14:21:34] [Server thread/INFO]: Server empty for 60 seconds, pausing
[14:40:11] [Server thread/INFO]: luis[/127.208.65.42:46757] logged in with entity id 1215 at (-0.5, 72.0, -1.5)
[14:40:11] [Server thread/INFO]: luis joined the game
